<?xml version="1.0" encoding="UTF-8"?>
<testsuite xmlns:xsi="http://www.w3.org/2001/XMLSchema-instance" xsi:noNamespaceSchemaLocation="https://maven.apache.org/surefire/maven-surefire-plugin/xsd/surefire-test-report-3.0.xsd" version="3.0" name="TestSuite" time="12.905" tests="13" errors="0" skipped="0" failures="0">
  <properties>
    <property name="java.specification.version" value="17"/>
    <property name="sun.jnu.encoding" value="UTF-8"/>
    <property name="java.class.path" value="/Users/sharanyakadarla/eclipse-workspace/FirstProject/target/test-classes:/Users/sharanyakadarla/eclipse-workspace/FirstProject/target/classes:/Users/sharanyakadarla/.m2/repository/io/rest-assured/rest-assured/5.3.0/rest-assured-5.3.0.jar:/Users/sharanyakadarla/.m2/repository/org/apache/groovy/groovy/4.0.6/groovy-4.0.6.jar:/Users/sharanyakadarla/.m2/repository/org/apache/groovy/groovy-xml/4.0.6/groovy-xml-4.0.6.jar:/Users/sharanyakadarla/.m2/repository/org/apache/httpcomponents/httpclient/4.5.13/httpclient-4.5.13.jar:/Users/sharanyakadarla/.m2/repository/org/apache/httpcomponents/httpcore/4.4.13/httpcore-4.4.13.jar:/Users/sharanyakadarla/.m2/repository/commons-logging/commons-logging/1.2/commons-logging-1.2.jar:/Users/sharanyakadarla/.m2/repository/commons-codec/commons-codec/1.11/commons-codec-1.11.jar:/Users/sharanyakadarla/.m2/repository/org/apache/httpcomponents/httpmime/4.5.13/httpmime-4.5.13.jar:/Users/sharanyakadarla/.m2/repository/org/ccil/cowan/tagsoup/tagsoup/1.2.1/tagsoup-1.2.1.jar:/Users/sharanyakadarla/.m2/repository/org/testng/testng/6.14.3/testng-6.14.3.jar:/Users/sharanyakadarla/.m2/repository/com/beust/jcommander/1.72/jcommander-1.72.jar:/Users/sharanyakadarla/.m2/repository/org/apache-extras/beanshell/bsh/2.0b6/bsh-2.0b6.jar:/Users/sharanyakadarla/.m2/repository/org/json/json/20230227/json-20230227.jar:/Users/sharanyakadarla/.m2/repository/com/googlecode/json-simple/json-simple/1.1.1/json-simple-1.1.1.jar:/Users/sharanyakadarla/.m2/repository/junit/junit/4.10/junit-4.10.jar:/Users/sharanyakadarla/.m2/repository/org/hamcrest/hamcrest-core/1.1/hamcrest-core-1.1.jar:/Users/sharanyakadarla/.m2/repository/io/rest-assured/json-path/5.3.0/json-path-5.3.0.jar:/Users/sharanyakadarla/.m2/repository/org/apache/groovy/groovy-json/4.0.6/groovy-json-4.0.6.jar:/Users/sharanyakadarla/.m2/repository/io/rest-assured/rest-assured-common/5.3.0/rest-assured-common-5.3.0.jar:/Users/sharanyakadarla/.m2/repository/org/hamcrest/hamcrest/2.2/hamcrest-2.2.jar:/Users/sharanyakadarla/.m2/repository/io/rest-assured/xml-path/5.3.0/xml-path-5.3.0.jar:/Users/sharanyakadarla/.m2/repository/org/apache/commons/commons-lang3/3.11/commons-lang3-3.11.jar:/Users/sharanyakadarla/.m2/repository/io/rest-assured/json-schema-validator/5.3.0/json-schema-validator-5.3.0.jar:/Users/sharanyakadarla/.m2/repository/com/github/java-json-tools/json-schema-validator/2.2.14/json-schema-validator-2.2.14.jar:/Users/sharanyakadarla/.m2/repository/com/google/guava/guava/28.2-android/guava-28.2-android.jar:/Users/sharanyakadarla/.m2/repository/com/google/guava/failureaccess/1.0.1/failureaccess-1.0.1.jar:/Users/sharanyakadarla/.m2/repository/com/google/guava/listenablefuture/9999.0-empty-to-avoid-conflict-with-guava/listenablefuture-9999.0-empty-to-avoid-conflict-with-guava.jar:/Users/sharanyakadarla/.m2/repository/org/checkerframework/checker-compat-qual/2.5.5/checker-compat-qual-2.5.5.jar:/Users/sharanyakadarla/.m2/repository/com/google/errorprone/error_prone_annotations/2.3.4/error_prone_annotations-2.3.4.jar:/Users/sharanyakadarla/.m2/repository/com/google/j2objc/j2objc-annotations/1.3/j2objc-annotations-1.3.jar:/Users/sharanyakadarla/.m2/repository/com/github/java-json-tools/jackson-coreutils-equivalence/1.0/jackson-coreutils-equivalence-1.0.jar:/Users/sharanyakadarla/.m2/repository/com/github/java-json-tools/jackson-coreutils/2.0/jackson-coreutils-2.0.jar:/Users/sharanyakadarla/.m2/repository/com/github/java-json-tools/msg-simple/1.2/msg-simple-1.2.jar:/Users/sharanyakadarla/.m2/repository/com/github/java-json-tools/btf/1.3/btf-1.3.jar:/Users/sharanyakadarla/.m2/repository/com/github/java-json-tools/json-schema-core/1.2.14/json-schema-core-1.2.14.jar:/Users/sharanyakadarla/.m2/repository/com/github/java-json-tools/uri-template/0.10/uri-template-0.10.jar:/Users/sharanyakadarla/.m2/repository/org/mozilla/rhino/1.7.7.2/rhino-1.7.7.2.jar:/Users/sharanyakadarla/.m2/repository/com/sun/mail/mailapi/1.6.2/mailapi-1.6.2.jar:/Users/sharanyakadarla/.m2/repository/joda-time/joda-time/2.10.5/joda-time-2.10.5.jar:/Users/sharanyakadarla/.m2/repository/com/googlecode/libphonenumber/libphonenumber/8.11.1/libphonenumber-8.11.1.jar:/Users/sharanyakadarla/.m2/repository/com/google/code/findbugs/jsr305/3.0.2/jsr305-3.0.2.jar:/Users/sharanyakadarla/.m2/repository/net/sf/jopt-simple/jopt-simple/5.0.4/jopt-simple-5.0.4.jar:/Users/sharanyakadarla/.m2/repository/com/github/scribejava/scribejava-apis/8.3.3/scribejava-apis-8.3.3.jar:/Users/sharanyakadarla/.m2/repository/com/github/scribejava/scribejava-core/8.3.3/scribejava-core-8.3.3.jar:/Users/sharanyakadarla/.m2/repository/com/github/scribejava/scribejava-java8/8.3.3/scribejava-java8-8.3.3.jar:/Users/sharanyakadarla/.m2/repository/com/fasterxml/jackson/core/jackson-databind/2.14.0/jackson-databind-2.14.0.jar:/Users/sharanyakadarla/.m2/repository/com/fasterxml/jackson/core/jackson-annotations/2.14.0/jackson-annotations-2.14.0.jar:/Users/sharanyakadarla/.m2/repository/com/fasterxml/jackson/core/jackson-core/2.14.0/jackson-core-2.14.0.jar:/Users/sharanyakadarla/.m2/repository/org/apache/commons/commons-collections4/4.1/commons-collections4-4.1.jar:/Users/sharanyakadarla/.m2/repository/org/apache/poi/poi-ooxml/5.2.2/poi-ooxml-5.2.2.jar:/Users/sharanyakadarla/.m2/repository/org/apache/poi/poi/5.2.2/poi-5.2.2.jar:/Users/sharanyakadarla/.m2/repository/org/apache/commons/commons-math3/3.6.1/commons-math3-3.6.1.jar:/Users/sharanyakadarla/.m2/repository/com/zaxxer/SparseBitSet/1.2/SparseBitSet-1.2.jar:/Users/sharanyakadarla/.m2/repository/org/apache/poi/poi-ooxml-lite/5.2.2/poi-ooxml-lite-5.2.2.jar:/Users/sharanyakadarla/.m2/repository/org/apache/xmlbeans/xmlbeans/5.0.3/xmlbeans-5.0.3.jar:/Users/sharanyakadarla/.m2/repository/org/apache/commons/commons-compress/1.21/commons-compress-1.21.jar:/Users/sharanyakadarla/.m2/repository/commons-io/commons-io/2.11.0/commons-io-2.11.0.jar:/Users/sharanyakadarla/.m2/repository/com/github/virtuald/curvesapi/1.07/curvesapi-1.07.jar:/Users/sharanyakadarla/.m2/repository/org/apache/logging/log4j/log4j-api/2.17.2/log4j-api-2.17.2.jar:"/>
    <property name="java.vm.vendor" value="Eclipse Adoptium"/>
    <property name="sun.arch.data.model" value="64"/>
    <property name="java.vendor.url" value="https://adoptium.net/"/>
    <property name="user.timezone" value="Australia/Sydney"/>
    <property name="os.name" value="Mac OS X"/>
    <property name="java.vm.specification.version" value="17"/>
    <property name="sun.java.launcher" value="SUN_STANDARD"/>
    <property name="user.country" value="AU"/>
    <property name="sun.boot.library.path" value="/Users/sharanyakadarla/.p2/pool/plugins/org.eclipse.justj.openjdk.hotspot.jre.full.macosx.x86_64_17.0.6.v20230204-1729/jre/lib"/>
    <property name="sun.java.command" value="/Users/sharanyakadarla/eclipse-workspace/FirstProject/target/surefire/surefirebooter-20230414155051359_3.jar /Users/sharanyakadarla/eclipse-workspace/FirstProject/target/surefire 2023-04-14T15-50-51_095-jvmRun1 surefire-20230414155051359_1tmp surefire_0-20230414155051359_2tmp"/>
    <property name="http.nonProxyHosts" value="local|*.local|169.254/16|*.169.254/16"/>
    <property name="jdk.debug" value="release"/>
    <property name="surefire.test.class.path" value="/Users/sharanyakadarla/eclipse-workspace/FirstProject/target/test-classes:/Users/sharanyakadarla/eclipse-workspace/FirstProject/target/classes:/Users/sharanyakadarla/.m2/repository/io/rest-assured/rest-assured/5.3.0/rest-assured-5.3.0.jar:/Users/sharanyakadarla/.m2/repository/org/apache/groovy/groovy/4.0.6/groovy-4.0.6.jar:/Users/sharanyakadarla/.m2/repository/org/apache/groovy/groovy-xml/4.0.6/groovy-xml-4.0.6.jar:/Users/sharanyakadarla/.m2/repository/org/apache/httpcomponents/httpclient/4.5.13/httpclient-4.5.13.jar:/Users/sharanyakadarla/.m2/repository/org/apache/httpcomponents/httpcore/4.4.13/httpcore-4.4.13.jar:/Users/sharanyakadarla/.m2/repository/commons-logging/commons-logging/1.2/commons-logging-1.2.jar:/Users/sharanyakadarla/.m2/repository/commons-codec/commons-codec/1.11/commons-codec-1.11.jar:/Users/sharanyakadarla/.m2/repository/org/apache/httpcomponents/httpmime/4.5.13/httpmime-4.5.13.jar:/Users/sharanyakadarla/.m2/repository/org/ccil/cowan/tagsoup/tagsoup/1.2.1/tagsoup-1.2.1.jar:/Users/sharanyakadarla/.m2/repository/org/testng/testng/6.14.3/testng-6.14.3.jar:/Users/sharanyakadarla/.m2/repository/com/beust/jcommander/1.72/jcommander-1.72.jar:/Users/sharanyakadarla/.m2/repository/org/apache-extras/beanshell/bsh/2.0b6/bsh-2.0b6.jar:/Users/sharanyakadarla/.m2/repository/org/json/json/20230227/json-20230227.jar:/Users/sharanyakadarla/.m2/repository/com/googlecode/json-simple/json-simple/1.1.1/json-simple-1.1.1.jar:/Users/sharanyakadarla/.m2/repository/junit/junit/4.10/junit-4.10.jar:/Users/sharanyakadarla/.m2/repository/org/hamcrest/hamcrest-core/1.1/hamcrest-core-1.1.jar:/Users/sharanyakadarla/.m2/repository/io/rest-assured/json-path/5.3.0/json-path-5.3.0.jar:/Users/sharanyakadarla/.m2/repository/org/apache/groovy/groovy-json/4.0.6/groovy-json-4.0.6.jar:/Users/sharanyakadarla/.m2/repository/io/rest-assured/rest-assured-common/5.3.0/rest-assured-common-5.3.0.jar:/Users/sharanyakadarla/.m2/repository/org/hamcrest/hamcrest/2.2/hamcrest-2.2.jar:/Users/sharanyakadarla/.m2/repository/io/rest-assured/xml-path/5.3.0/xml-path-5.3.0.jar:/Users/sharanyakadarla/.m2/repository/org/apache/commons/commons-lang3/3.11/commons-lang3-3.11.jar:/Users/sharanyakadarla/.m2/repository/io/rest-assured/json-schema-validator/5.3.0/json-schema-validator-5.3.0.jar:/Users/sharanyakadarla/.m2/repository/com/github/java-json-tools/json-schema-validator/2.2.14/json-schema-validator-2.2.14.jar:/Users/sharanyakadarla/.m2/repository/com/google/guava/guava/28.2-android/guava-28.2-android.jar:/Users/sharanyakadarla/.m2/repository/com/google/guava/failureaccess/1.0.1/failureaccess-1.0.1.jar:/Users/sharanyakadarla/.m2/repository/com/google/guava/listenablefuture/9999.0-empty-to-avoid-conflict-with-guava/listenablefuture-9999.0-empty-to-avoid-conflict-with-guava.jar:/Users/sharanyakadarla/.m2/repository/org/checkerframework/checker-compat-qual/2.5.5/checker-compat-qual-2.5.5.jar:/Users/sharanyakadarla/.m2/repository/com/google/errorprone/error_prone_annotations/2.3.4/error_prone_annotations-2.3.4.jar:/Users/sharanyakadarla/.m2/repository/com/google/j2objc/j2objc-annotations/1.3/j2objc-annotations-1.3.jar:/Users/sharanyakadarla/.m2/repository/com/github/java-json-tools/jackson-coreutils-equivalence/1.0/jackson-coreutils-equivalence-1.0.jar:/Users/sharanyakadarla/.m2/repository/com/github/java-json-tools/jackson-coreutils/2.0/jackson-coreutils-2.0.jar:/Users/sharanyakadarla/.m2/repository/com/github/java-json-tools/msg-simple/1.2/msg-simple-1.2.jar:/Users/sharanyakadarla/.m2/repository/com/github/java-json-tools/btf/1.3/btf-1.3.jar:/Users/sharanyakadarla/.m2/repository/com/github/java-json-tools/json-schema-core/1.2.14/json-schema-core-1.2.14.jar:/Users/sharanyakadarla/.m2/repository/com/github/java-json-tools/uri-template/0.10/uri-template-0.10.jar:/Users/sharanyakadarla/.m2/repository/org/mozilla/rhino/1.7.7.2/rhino-1.7.7.2.jar:/Users/sharanyakadarla/.m2/repository/com/sun/mail/mailapi/1.6.2/mailapi-1.6.2.jar:/Users/sharanyakadarla/.m2/repository/joda-time/joda-time/2.10.5/joda-time-2.10.5.jar:/Users/sharanyakadarla/.m2/repository/com/googlecode/libphonenumber/libphonenumber/8.11.1/libphonenumber-8.11.1.jar:/Users/sharanyakadarla/.m2/repository/com/google/code/findbugs/jsr305/3.0.2/jsr305-3.0.2.jar:/Users/sharanyakadarla/.m2/repository/net/sf/jopt-simple/jopt-simple/5.0.4/jopt-simple-5.0.4.jar:/Users/sharanyakadarla/.m2/repository/com/github/scribejava/scribejava-apis/8.3.3/scribejava-apis-8.3.3.jar:/Users/sharanyakadarla/.m2/repository/com/github/scribejava/scribejava-core/8.3.3/scribejava-core-8.3.3.jar:/Users/sharanyakadarla/.m2/repository/com/github/scribejava/scribejava-java8/8.3.3/scribejava-java8-8.3.3.jar:/Users/sharanyakadarla/.m2/repository/com/fasterxml/jackson/core/jackson-databind/2.14.0/jackson-databind-2.14.0.jar:/Users/sharanyakadarla/.m2/repository/com/fasterxml/jackson/core/jackson-annotations/2.14.0/jackson-annotations-2.14.0.jar:/Users/sharanyakadarla/.m2/repository/com/fasterxml/jackson/core/jackson-core/2.14.0/jackson-core-2.14.0.jar:/Users/sharanyakadarla/.m2/repository/org/apache/commons/commons-collections4/4.1/commons-collections4-4.1.jar:/Users/sharanyakadarla/.m2/repository/org/apache/poi/poi-ooxml/5.2.2/poi-ooxml-5.2.2.jar:/Users/sharanyakadarla/.m2/repository/org/apache/poi/poi/5.2.2/poi-5.2.2.jar:/Users/sharanyakadarla/.m2/repository/org/apache/commons/commons-math3/3.6.1/commons-math3-3.6.1.jar:/Users/sharanyakadarla/.m2/repository/com/zaxxer/SparseBitSet/1.2/SparseBitSet-1.2.jar:/Users/sharanyakadarla/.m2/repository/org/apache/poi/poi-ooxml-lite/5.2.2/poi-ooxml-lite-5.2.2.jar:/Users/sharanyakadarla/.m2/repository/org/apache/xmlbeans/xmlbeans/5.0.3/xmlbeans-5.0.3.jar:/Users/sharanyakadarla/.m2/repository/org/apache/commons/commons-compress/1.21/commons-compress-1.21.jar:/Users/sharanyakadarla/.m2/repository/commons-io/commons-io/2.11.0/commons-io-2.11.0.jar:/Users/sharanyakadarla/.m2/repository/com/github/virtuald/curvesapi/1.07/curvesapi-1.07.jar:/Users/sharanyakadarla/.m2/repository/org/apache/logging/log4j/log4j-api/2.17.2/log4j-api-2.17.2.jar:"/>
    <property name="sun.cpu.endian" value="little"/>
    <property name="user.home" value="/Users/sharanyakadarla"/>
    <property name="user.language" value="en"/>
    <property name="java.specification.vendor" value="Oracle Corporation"/>
    <property name="java.version.date" value="2023-01-17"/>
    <property name="java.home" value="/Users/sharanyakadarla/.p2/pool/plugins/org.eclipse.justj.openjdk.hotspot.jre.full.macosx.x86_64_17.0.6.v20230204-1729/jre"/>
    <property name="file.separator" value="/"/>
    <property name="style.color" value="always"/>
    <property name="basedir" value="/Users/sharanyakadarla/eclipse-workspace/FirstProject"/>
    <property name="java.vm.compressedOopsMode" value="Zero based"/>
    <property name="line.separator" value="&#10;"/>
    <property name="java.vm.specification.vendor" value="Oracle Corporation"/>
    <property name="java.specification.name" value="Java Platform API Specification"/>
    <property name="surefire.real.class.path" value="/Users/sharanyakadarla/eclipse-workspace/FirstProject/target/surefire/surefirebooter-20230414155051359_3.jar"/>
    <property name="sun.management.compiler" value="HotSpot 64-Bit Tiered Compilers"/>
    <property name="ftp.nonProxyHosts" value="local|*.local|169.254/16|*.169.254/16"/>
    <property name="java.runtime.version" value="17.0.6+10"/>
    <property name="user.name" value="sharanyakadarla"/>
    <property name="path.separator" value=":"/>
    <property name="os.version" value="13.3.1"/>
    <property name="java.runtime.name" value="OpenJDK Runtime Environment"/>
    <property name="file.encoding" value="UTF-8"/>
    <property name="java.vm.name" value="OpenJDK 64-Bit Server VM"/>
    <property name="java.vendor.version" value="Temurin-17.0.6+10"/>
    <property name="localRepository" value="/Users/sharanyakadarla/.m2/repository"/>
    <property name="java.vendor.url.bug" value="https://github.com/adoptium/adoptium-support/issues"/>
    <property name="java.io.tmpdir" value="/var/folders/9s/zlkv8yv96gz93692nk1_m2cw0000gn/T/"/>
    <property name="java.version" value="17.0.6"/>
    <property name="user.dir" value="/Users/sharanyakadarla/eclipse-workspace/FirstProject"/>
    <property name="os.arch" value="x86_64"/>
    <property name="java.vm.specification.name" value="Java Virtual Machine Specification"/>
    <property name="native.encoding" value="UTF-8"/>
    <property name="java.library.path" value="/Users/sharanyakadarla/Library/Java/Extensions:/Library/Java/Extensions:/Network/Library/Java/Extensions:/System/Library/Java/Extensions:/usr/lib/java:."/>
    <property name="java.vm.info" value="mixed mode"/>
    <property name="java.vendor" value="Eclipse Adoptium"/>
    <property name="java.vm.version" value="17.0.6+10"/>
    <property name="sun.io.unicode.encoding" value="UnicodeBig"/>
    <property name="socksNonProxyHosts" value="local|*.local|169.254/16|*.169.254/16"/>
    <property name="java.class.version" value="61.0"/>
  </properties>
  <testcase name="createUser[paul, paul@test.com, This is a test data](1)" classname="ReqresTestngAPIs.HTTPRequests" time="3.539">
    <system-out><![CDATA[[TestNGContentHandler] [WARN] It is strongly recommended to add "<!DOCTYPE suite SYSTEM "http://testng.org/testng-1.0.dtd" >" at the top of your file, otherwise TestNG may fail or not work as expected.
Customer id is:489
]]></system-out>
    <system-err><![CDATA[ERROR StatusLogger Log4j2 could not find a logging implementation. Please add log4j-core to the classpath. Using SimpleLogger to log to the console...
]]></system-err>
  </testcase>
  <testcase name="createUser[max, paul@test.com, This is a test data](2)" classname="ReqresTestngAPIs.HTTPRequests" time="0.713">
    <system-out><![CDATA[Customer id is:985
]]></system-out>
  </testcase>
  <testcase name="createUser[sorav, paul@test.com, This is a test data](3)" classname="ReqresTestngAPIs.HTTPRequests" time="0.693">
    <system-out><![CDATA[Customer id is:800
]]></system-out>
  </testcase>
  <testcase name="createUser[jhon, paul@test.com, This is a test data](4)" classname="ReqresTestngAPIs.HTTPRequests" time="0.751">
    <system-out><![CDATA[Customer id is:2
]]></system-out>
  </testcase>
  <testcase name="getAllCustomers" classname="StripeTwo.RetriveCustomers2" time="0.717">
    <system-out><![CDATA[HTTP/1.1 200 OK
Server: nginx
Date: Fri, 14 Apr 2023 05:50:59 GMT
Content-Type: application/json
Content-Length: 2150
Connection: keep-alive
Access-Control-Allow-Credentials: true
Access-Control-Allow-Methods: GET, POST, HEAD, OPTIONS, DELETE
Access-Control-Allow-Origin: *
Access-Control-Expose-Headers: Request-Id, Stripe-Manage-Version, X-Stripe-External-Auth-Required, X-Stripe-Privileged-Session-Required
Access-Control-Max-Age: 300
Cache-Control: no-cache, no-store
Request-Id: req_mDkyZ5Bn6Z5bpY
Stripe-Version: 2022-11-15
Strict-Transport-Security: max-age=63072000; includeSubDomains; preload

{
    "object": "list",
    "data": [
        {
            "id": "cus_Ni5YzzRLUk23jJ",
            "object": "customer",
            "address": {
                "city": null,
                "country": "Australia",
                "line1": null,
                "line2": null,
                "postal_code": null,
                "state": null
            },
            "balance": 0,
            "created": 1681450868,
            "currency": null,
            "default_source": null,
            "delinquent": false,
            "description": null,
            "discount": null,
            "email": null,
            "invoice_prefix": "F84AFFB7",
            "invoice_settings": {
                "custom_fields": [
                    {
                        "name": "Jhon",
                        "value": "1234"
                    }
                ],
                "default_payment_method": null,
                "footer": "This is footer",
                "rendering_options": null
            },
            "livemode": false,
            "metadata": {
                
            },
            "name": "Priya",
            "next_invoice_sequence": 1,
            "phone": null,
            "preferred_locales": [
                "telugu",
                "english"
            ],
            "shipping": null,
            "tax_exempt": "none",
            "test_clock": null
        },
        {
            "id": "cus_Ni5XOiLlLAHqHf",
            "object": "customer",
            "address": {
                "city": null,
                "country": "Australia",
                "line1": null,
                "line2": null,
                "postal_code": null,
                "state": null
            },
            "balance": 0,
            "created": 1681450765,
            "currency": null,
            "default_source": null,
            "delinquent": false,
            "description": null,
            "discount": null,
            "email": null,
            "invoice_prefix": "7A592C15",
            "invoice_settings": {
                "custom_fields": [
                    {
                        "name": "Jhon",
                        "value": "1234"
                    }
                ],
                "default_payment_method": null,
                "footer": "This is footer",
                "rendering_options": null
            },
            "livemode": false,
            "metadata": {
                
            },
            "name": "Priya",
            "next_invoice_sequence": 1,
            "phone": null,
            "preferred_locales": [
                "telugu",
                "english"
            ],
            "shipping": null,
            "tax_exempt": "none",
            "test_clock": null
        }
    ],
    "has_more": true,
    "url": "/v1/customers"
}
]]></system-out>
  </testcase>
  <testcase name="CreateCustomer[paul, paul@test.com, This is a test data](1)" classname="Utility.DataExtractor" time="0.505"/>
  <testcase name="CreateCustomer[max, paul@test.com, This is a test data](2)" classname="Utility.DataExtractor" time="0.407"/>
  <testcase name="CreateCustomer[sorav, paul@test.com, This is a test data](3)" classname="Utility.DataExtractor" time="0.619"/>
  <testcase name="CreateCustomer[jhon, paul@test.com, This is a test data](4)" classname="Utility.DataExtractor" time="0.421"/>
  <testcase name="CreateCustomers" classname="StripeAPIs.CreateCustomers2" time="0.905">
    <system-out><![CDATA[cus_Ni5iiwdXk9jjN0
]]></system-out>
  </testcase>
  <testcase name="CreateCustomers" classname="StripeTwo.CreateCustomers2" time="0.679">
    <system-out><![CDATA[cus_Ni5ibJrz3td01e
]]></system-out>
  </testcase>
  <testcase name="getAllCustomers" classname="StripeAPIs.RetriveCustomers2" time="0.353">
    <system-out><![CDATA[HTTP/1.1 200 OK
Server: nginx
Date: Fri, 14 Apr 2023 05:51:03 GMT
Content-Type: application/json
Content-Length: 2150
Connection: keep-alive
Access-Control-Allow-Credentials: true
Access-Control-Allow-Methods: GET, POST, HEAD, OPTIONS, DELETE
Access-Control-Allow-Origin: *
Access-Control-Expose-Headers: Request-Id, Stripe-Manage-Version, X-Stripe-External-Auth-Required, X-Stripe-Privileged-Session-Required
Access-Control-Max-Age: 300
Cache-Control: no-cache, no-store
Request-Id: req_qjR0at7Ovzm0yI
Stripe-Version: 2022-11-15
Strict-Transport-Security: max-age=63072000; includeSubDomains; preload

{
    "object": "list",
    "data": [
        {
            "id": "cus_Ni5ibJrz3td01e",
            "object": "customer",
            "address": {
                "city": null,
                "country": "Australia",
                "line1": null,
                "line2": null,
                "postal_code": null,
                "state": null
            },
            "balance": 0,
            "created": 1681451463,
            "currency": null,
            "default_source": null,
            "delinquent": false,
            "description": null,
            "discount": null,
            "email": null,
            "invoice_prefix": "D72262DC",
            "invoice_settings": {
                "custom_fields": [
                    {
                        "name": "Jhon",
                        "value": "1234"
                    }
                ],
                "default_payment_method": null,
                "footer": "This is footer",
                "rendering_options": null
            },
            "livemode": false,
            "metadata": {
                
            },
            "name": "Priya",
            "next_invoice_sequence": 1,
            "phone": null,
            "preferred_locales": [
                "telugu",
                "english"
            ],
            "shipping": null,
            "tax_exempt": "none",
            "test_clock": null
        },
        {
            "id": "cus_Ni5iiwdXk9jjN0",
            "object": "customer",
            "address": {
                "city": null,
                "country": "Australia",
                "line1": null,
                "line2": null,
                "postal_code": null,
                "state": null
            },
            "balance": 0,
            "created": 1681451462,
            "currency": null,
            "default_source": null,
            "delinquent": false,
            "description": null,
            "discount": null,
            "email": null,
            "invoice_prefix": "E8EBF8E2",
            "invoice_settings": {
                "custom_fields": [
                    {
                        "name": "Jhon",
                        "value": "1234"
                    }
                ],
                "default_payment_method": null,
                "footer": "This is footer",
                "rendering_options": null
            },
            "livemode": false,
            "metadata": {
                
            },
            "name": "Priya",
            "next_invoice_sequence": 1,
            "phone": null,
            "preferred_locales": [
                "telugu",
                "english"
            ],
            "shipping": null,
            "tax_exempt": "none",
            "test_clock": null
        }
    ],
    "has_more": true,
    "url": "/v1/customers"
}
]]></system-out>
  </testcase>
  <testcase name="createUser" classname="ReqresTestngAPIs.HTTPRequests2" time="0.705">
    <system-out><![CDATA[io.restassured.internal.RestAssuredResponseImpl@7bda01da
]]></system-out>
  </testcase>
</testsuite>