<?xml version="1.0" encoding="UTF-8"?>
<!-- Generated by org.testng.reporters.JUnitReportReporter -->
<testsuite hostname="Sharanyas-MBP.modem" failures="0" tests="1" name="StripeTwo.CreateCustomers2" time="0.461" errors="0" timestamp="14 Apr 2023 05:58:19 GMT" skipped="0">
  <testcase classname="StripeTwo.CreateCustomers2" name="CreateCustomers" time="0.461"/>
</testsuite> <!-- StripeTwo.CreateCustomers2 -->
