<?xml version="1.0" encoding="UTF-8"?>
<!-- Generated by org.testng.reporters.JUnitReportReporter -->
<testsuite hostname="Sharanyas-MBP.modem" failures="0" tests="4" name="Utility.DataExtractor" time="1.960" errors="0" timestamp="14 Apr 2023 05:52:28 GMT" skipped="0">
  <testcase classname="Utility.DataExtractor" name="CreateCustomer" time="0.430"/>
  <testcase classname="Utility.DataExtractor" name="CreateCustomer" time="0.436"/>
  <testcase classname="Utility.DataExtractor" name="CreateCustomer" time="0.507"/>
  <testcase classname="Utility.DataExtractor" name="CreateCustomer" time="0.587"/>
</testsuite> <!-- Utility.DataExtractor -->
