<?xml version="1.0" encoding="UTF-8"?>
<!-- Generated by org.testng.reporters.JUnitReportReporter -->
<testsuite hostname="Sharanyas-MBP.modem" failures="0" tests="1" name="StripeAPIs.RetriveCustomers2" time="0.343" errors="0" timestamp="14 Apr 2023 05:58:19 GMT" skipped="0">
  <testcase classname="StripeAPIs.RetriveCustomers2" name="getAllCustomers" time="0.343"/>
</testsuite> <!-- StripeAPIs.RetriveCustomers2 -->
