<?xml version="1.0" encoding="UTF-8"?>
<!-- Generated by org.testng.reporters.JUnitReportReporter -->
<testsuite hostname="Sharanyas-MBP.modem" failures="0" tests="1" name="ReqresTestngAPIs.HTTPRequests2" time="0.674" errors="0" timestamp="14 Apr 2023 05:58:19 GMT" skipped="0">
  <testcase classname="ReqresTestngAPIs.HTTPRequests2" name="createUser" time="0.674"/>
</testsuite> <!-- ReqresTestngAPIs.HTTPRequests2 -->
