<?xml version="1.0" encoding="UTF-8"?>
<!-- Generated by org.testng.reporters.JUnitReportReporter -->
<testsuite hostname="Sharanyas-MBP.modem" failures="0" tests="1" name="StripeAPIs.RetrieveCustomers" time="3.285" errors="0" timestamp="2023-03-22T23:06:35 AEDT" skipped="0">
  <testcase classname="StripeAPIs.RetrieveCustomers" name="TestF" time="3.285"/>
  <system-out/>
</testsuite> <!-- StripeAPIs.RetrieveCustomers -->
