<?xml version="1.0" encoding="UTF-8"?>
<!-- Generated by org.testng.reporters.JUnitReportReporter -->
<testsuite hostname="Sharanyas-MBP.modem" failures="0" tests="1" name="StripeAPIs.CreateCustomers2" time="0.570" errors="0" timestamp="14 Apr 2023 05:58:19 GMT" skipped="0">
  <testcase classname="StripeAPIs.CreateCustomers2" name="CreateCustomers" time="0.570"/>
</testsuite> <!-- StripeAPIs.CreateCustomers2 -->
