<?xml version="1.0" encoding="UTF-8"?>
<!-- Generated by org.testng.reporters.JUnitReportReporter -->
<testsuite hostname="Sharanyas-MBP.modem" failures="0" tests="4" name="Utility.DataExtractor" time="2.416" errors="0" timestamp="2023-04-11T16:42:36 AEST" skipped="0">
  <testcase classname="Utility.DataExtractor" name="CreateCustomer" time="0.545"/>
  <system-out/>
  <testcase classname="Utility.DataExtractor" name="CreateCustomer" time="0.573"/>
  <system-out/>
  <testcase classname="Utility.DataExtractor" name="CreateCustomer" time="0.704"/>
  <system-out/>
  <testcase classname="Utility.DataExtractor" name="CreateCustomer" time="0.594"/>
  <system-out/>
</testsuite> <!-- Utility.DataExtractor -->
