<?xml version="1.0" encoding="UTF-8"?>
<!-- Generated by org.testng.reporters.JUnitReportReporter -->
<testsuite hostname="Sharanyas-MBP.modem" failures="0" tests="4" name="ReqresTestngAPIs.HTTPRequests" time="5.671" errors="0" timestamp="14 Apr 2023 05:58:19 GMT" skipped="0">
  <testcase classname="ReqresTestngAPIs.HTTPRequests" name="createUser" time="3.575"/>
  <testcase classname="ReqresTestngAPIs.HTTPRequests" name="createUser" time="0.702"/>
  <testcase classname="ReqresTestngAPIs.HTTPRequests" name="createUser" time="0.680"/>
  <testcase classname="ReqresTestngAPIs.HTTPRequests" name="createUser" time="0.714"/>
</testsuite> <!-- ReqresTestngAPIs.HTTPRequests -->
