<?xml version="1.0" encoding="UTF-8"?>
<!-- Generated by org.testng.reporters.JUnitReportReporter -->
<testsuite hostname="Sharanyas-MBP.modem" failures="0" tests="4" name="ReqresTestngAPIs.HTTPRequests" time="3.613" errors="0" timestamp="2023-04-11T16:42:36 AEST" skipped="0">
  <testcase classname="ReqresTestngAPIs.HTTPRequests" name="createUser" time="0.711"/>
  <system-out/>
  <testcase classname="ReqresTestngAPIs.HTTPRequests" name="createUser" time="0.719"/>
  <system-out/>
  <testcase classname="ReqresTestngAPIs.HTTPRequests" name="createUser" time="0.707"/>
  <system-out/>
  <testcase classname="ReqresTestngAPIs.HTTPRequests" name="createUser" time="1.476"/>
  <system-out/>
</testsuite> <!-- ReqresTestngAPIs.HTTPRequests -->
