<?xml version="1.0" encoding="UTF-8"?>
<!-- Generated by org.testng.reporters.JUnitReportReporter -->
<testsuite skipped="0" hostname="Sharanyas-MBP.modem" name="ReqresTestngAPIs.HTTPRequests" tests="4" failures="0" timestamp="12 Apr 2023 12:11:46 GMT" time="7.580" errors="0">
  <testcase name="createUser" time="0.923" classname="ReqresTestngAPIs.HTTPRequests"/>
  <testcase name="createUser" time="5.117" classname="ReqresTestngAPIs.HTTPRequests"/>
  <testcase name="createUser" time="0.741" classname="ReqresTestngAPIs.HTTPRequests"/>
  <testcase name="createUser" time="0.799" classname="ReqresTestngAPIs.HTTPRequests"/>
</testsuite> <!-- ReqresTestngAPIs.HTTPRequests -->
