<?xml version="1.0" encoding="UTF-8"?>
<!-- Generated by org.testng.reporters.JUnitReportReporter -->
<testsuite hostname="Sharanyas-MBP.modem" failures="0" tests="4" name="ReqresTestngAPIs.HTTPRequests" time="3.867" errors="0" timestamp="2023-04-11T19:41:08 AEST" skipped="0">
  <testcase classname="ReqresTestngAPIs.HTTPRequests" name="createUser" time="0.870"/>
  <system-out/>
  <testcase classname="ReqresTestngAPIs.HTTPRequests" name="createUser" time="0.720"/>
  <system-out/>
  <testcase classname="ReqresTestngAPIs.HTTPRequests" name="createUser" time="0.803"/>
  <system-out/>
  <testcase classname="ReqresTestngAPIs.HTTPRequests" name="createUser" time="1.474"/>
  <system-out/>
</testsuite> <!-- ReqresTestngAPIs.HTTPRequests -->
