<?xml version="1.0" encoding="UTF-8"?>
<!-- Generated by org.testng.reporters.JUnitReportReporter -->
<testsuite skipped="0" hostname="Sharanyas-MBP.modem" name="ReqresTestngAPIs.HTTPRequests" tests="4" failures="0" timestamp="12 Apr 2023 12:06:45 GMT" time="7.540" errors="0">
  <testcase name="createUser" time="0.941" classname="ReqresTestngAPIs.HTTPRequests"/>
  <testcase name="createUser" time="5.113" classname="ReqresTestngAPIs.HTTPRequests"/>
  <testcase name="createUser" time="0.752" classname="ReqresTestngAPIs.HTTPRequests"/>
  <testcase name="createUser" time="0.734" classname="ReqresTestngAPIs.HTTPRequests"/>
</testsuite> <!-- ReqresTestngAPIs.HTTPRequests -->
