<?xml version="1.0" encoding="UTF-8"?>
<!-- Generated by org.testng.reporters.JUnitReportReporter -->
<testsuite hostname="Sharanyas-MBP.modem" failures="0" tests="4" name="Utility.DataExtractor" time="2.113" errors="0" timestamp="2023-04-11T19:41:08 AEST" skipped="0">
  <testcase classname="Utility.DataExtractor" name="CreateCustomer" time="0.512"/>
  <system-out/>
  <testcase classname="Utility.DataExtractor" name="CreateCustomer" time="0.605"/>
  <system-out/>
  <testcase classname="Utility.DataExtractor" name="CreateCustomer" time="0.485"/>
  <system-out/>
  <testcase classname="Utility.DataExtractor" name="CreateCustomer" time="0.511"/>
  <system-out/>
</testsuite> <!-- Utility.DataExtractor -->
