<?xml version="1.0" encoding="UTF-8"?>
<!-- Generated by org.testng.reporters.JUnitReportReporter -->
<testsuite hostname="Sharanyas-MBP.modem" failures="0" tests="4" name="ReqresTestngAPIs.HTTPRequests" time="5.695" errors="0" timestamp="14 Apr 2023 05:51:04 GMT" skipped="0">
  <testcase classname="ReqresTestngAPIs.HTTPRequests" name="createUser" time="3.537"/>
  <testcase classname="ReqresTestngAPIs.HTTPRequests" name="createUser" time="0.750"/>
  <testcase classname="ReqresTestngAPIs.HTTPRequests" name="createUser" time="0.692"/>
  <testcase classname="ReqresTestngAPIs.HTTPRequests" name="createUser" time="0.716"/>
</testsuite> <!-- ReqresTestngAPIs.HTTPRequests -->
