<?xml version="1.0" encoding="UTF-8"?>
<!-- Generated by org.testng.reporters.JUnitReportReporter -->
<testsuite hostname="Sharanyas-MBP.modem" failures="0" tests="4" name="Utility.DataExtractor" time="1.947" errors="0" timestamp="14 Apr 2023 05:51:04 GMT" skipped="0">
  <testcase classname="Utility.DataExtractor" name="CreateCustomer" time="0.504"/>
  <testcase classname="Utility.DataExtractor" name="CreateCustomer" time="0.405"/>
  <testcase classname="Utility.DataExtractor" name="CreateCustomer" time="0.618"/>
  <testcase classname="Utility.DataExtractor" name="CreateCustomer" time="0.420"/>
</testsuite> <!-- Utility.DataExtractor -->
