<?xml version="1.0" encoding="UTF-8"?>
<!-- Generated by org.testng.reporters.JUnitReportReporter -->
<testsuite skipped="0" hostname="Sharanyas-MBP.modem" name="ReqresTestngAPIs.HTTPRequests2" tests="1" failures="0" timestamp="12 Apr 2023 12:06:45 GMT" time="0.707" errors="0">
  <testcase name="createUser" time="0.707" classname="ReqresTestngAPIs.HTTPRequests2"/>
</testsuite> <!-- ReqresTestngAPIs.HTTPRequests2 -->
