<?xml version="1.0" encoding="UTF-8"?>
<!-- Generated by org.testng.reporters.JUnitReportReporter -->
<testsuite skipped="0" hostname="Sharanyas-MBP.modem" name="Utility.DataExtractor" tests="4" failures="0" timestamp="12 Apr 2023 12:06:45 GMT" time="2.784" errors="0">
  <testcase name="CreateCustomer" time="0.598" classname="Utility.DataExtractor"/>
  <testcase name="CreateCustomer" time="1.016" classname="Utility.DataExtractor"/>
  <testcase name="CreateCustomer" time="0.544" classname="Utility.DataExtractor"/>
  <testcase name="CreateCustomer" time="0.626" classname="Utility.DataExtractor"/>
</testsuite> <!-- Utility.DataExtractor -->
