<?xml version="1.0" encoding="UTF-8"?>
<!-- Generated by org.testng.reporters.JUnitReportReporter -->
<testsuite hostname="Sharanyas-MBP.modem" failures="0" tests="1" name="ReqresTestngAPIs.HTTPRequests2" time="3.316" errors="0" timestamp="2023-04-11T19:41:08 AEST" skipped="0">
  <testcase classname="ReqresTestngAPIs.HTTPRequests2" name="createUser" time="3.316"/>
  <system-out/>
</testsuite> <!-- ReqresTestngAPIs.HTTPRequests2 -->
