<?xml version="1.0" encoding="UTF-8"?>
<!-- Generated by org.testng.reporters.JUnitReportReporter -->
<testsuite skipped="0" hostname="Sharanyas-MBP.modem" name="Utility.DataExtractor" tests="4" failures="0" timestamp="12 Apr 2023 12:11:46 GMT" time="2.416" errors="0">
  <testcase name="CreateCustomer" time="0.464" classname="Utility.DataExtractor"/>
  <testcase name="CreateCustomer" time="0.915" classname="Utility.DataExtractor"/>
  <testcase name="CreateCustomer" time="0.510" classname="Utility.DataExtractor"/>
  <testcase name="CreateCustomer" time="0.527" classname="Utility.DataExtractor"/>
</testsuite> <!-- Utility.DataExtractor -->
